2021-01-26 23:09:36,605 - INFO - Sender form: srf
2021-01-26 23:09:36,607 - INFO - Sender path: /tmp/sndr_srfvp9z90vr
2021-01-26 23:09:36,608 - INFO - Sender form: srf
2021-01-26 23:09:36,609 - INFO - Sender path: /tmp/sndr_srfs699mklf
2021-01-26 23:09:36,611 - INFO - Sender form: srf
2021-01-26 23:09:36,612 - INFO - Sender path: /tmp/sndr_srfdscckd5s
2021-01-26 23:09:36,614 - INFO - Sender form: srf
2021-01-26 23:09:36,615 - INFO - Sender path: /tmp/sndr_srf268_yddh
2021-01-26 23:09:36,616 - INFO - Sender form: srf
2021-01-26 23:09:36,617 - INFO - Sender path: /tmp/sndr_srfu5cavj88
2021-01-26 23:09:36,619 - INFO - Sender form: srf
2021-01-26 23:09:36,620 - INFO - Sender path: /tmp/sndr_srfcjqo03hy
2021-01-26 23:09:36,622 - INFO - Sender form: srf
2021-01-26 23:09:36,623 - INFO - Sender path: /tmp/sndr_srf26rp_5iu
2021-01-26 23:09:36,625 - INFO - Sender form: srf
2021-01-26 23:09:36,625 - INFO - Sender path: /tmp/sndr_srfhnf38_35
2021-01-26 23:09:36,626 - INFO - Sender form: srf
2021-01-26 23:09:36,627 - INFO - Sender path: /tmp/sndr_srf0athfa75
2021-01-26 23:09:36,629 - INFO - Sender form: srf
2021-01-26 23:09:36,630 - INFO - Sender path: /tmp/sndr_srf1csldfrj
2021-01-26 23:09:36,632 - INFO - Sender form: srf
2021-01-26 23:09:36,633 - INFO - Sender path: /tmp/sndr_srfhks4tvml
2021-01-26 23:09:36,634 - INFO - Sender form: srf
2021-01-26 23:09:36,635 - INFO - Sender path: /tmp/sndr_srf9wnd98q3
2021-01-26 23:09:36,637 - INFO - Sender form: srf
2021-01-26 23:09:36,638 - INFO - Sender path: /tmp/sndr_srfm1dtq3qk
2021-01-26 23:09:36,639 - INFO - Sender form: srf
2021-01-26 23:09:36,640 - INFO - Sender path: /tmp/sndr_srfjj4tzq6n
2021-01-26 23:09:36,641 - INFO - Sender form: srf
2021-01-26 23:09:36,642 - INFO - Sender path: /tmp/sndr_srf8myhofzu
2021-01-26 23:09:36,643 - INFO - Sender form: srf
2021-01-26 23:09:36,644 - INFO - Sender path: /tmp/sndr_srfxq2wp23k
2021-01-26 23:09:36,646 - INFO - Sender form: srf
2021-01-26 23:09:36,646 - INFO - Sender path: /tmp/sndr_srfev9m6y5k
2021-01-26 23:09:36,647 - INFO - Sender form: srf
2021-01-26 23:09:36,648 - INFO - Sender path: /tmp/sndr_srf24kjsofy
2021-01-26 23:09:36,650 - INFO - Sender form: srf
2021-01-26 23:09:36,650 - INFO - Sender path: /tmp/sndr_srfvdr0mc8k
2021-01-26 23:09:36,652 - INFO - Sender form: srf
2021-01-26 23:09:36,653 - INFO - Sender path: /tmp/sndr_srfgibipgv3
2021-01-26 23:09:36,654 - INFO - Sender form: srf
2021-01-26 23:09:36,655 - INFO - Sender path: /tmp/sndr_srfjlxsbqs0
2021-01-26 23:09:36,657 - INFO - Sender form: srf
2021-01-26 23:09:36,658 - INFO - Sender path: /tmp/sndr_srf6gb2ngu3
2021-01-26 23:09:36,660 - INFO - Sender form: srf
2021-01-26 23:09:36,660 - INFO - Sender path: /tmp/sndr_srf3q41edav
2021-01-26 23:09:36,662 - INFO - Sender form: srf
2021-01-26 23:09:36,663 - INFO - Sender path: /tmp/sndr_srfczvzzhbd
2021-01-26 23:09:36,664 - INFO - Sender form: srf
2021-01-26 23:09:36,670 - INFO - Sender path: /tmp/sndr_srf6xs1fvpq
2021-01-26 23:09:36,672 - INFO - Sender form: srf
2021-01-26 23:09:36,673 - INFO - Sender path: /tmp/sndr_srf3e6m2hee
2021-01-26 23:09:36,675 - INFO - Sender form: srf
2021-01-26 23:09:36,676 - INFO - Sender path: /tmp/sndr_srfee6m6t3q
